<?xml version="1.0" encoding="UTF-8"?>
<testng-results skipped="0" failed="0" ignored="0" total="1" passed="1">
  <reporter-output>
  </reporter-output>
  <suite name="Suite" duration-ms="56845" started-at="2020-06-03T06:13:35Z" finished-at="2020-06-03T06:14:32Z">
    <groups>
      <group name="cucumber">
        <method signature="TestRunner.feature(cucumber.api.testng.CucumberFeatureWrapper)[pri:0, instance:MyRunner.TestRunner@6e06451e]" name="feature" class="MyRunner.TestRunner"/>
      </group> <!-- cucumber -->
    </groups>
    <test name="Test" duration-ms="56845" started-at="2020-06-03T06:13:35Z" finished-at="2020-06-03T06:14:32Z">
      <class name="MyRunner.TestRunner">
        <test-method status="PASS" signature="setUp()[pri:0, instance:MyRunner.TestRunner@6e06451e]" name="setUp" is-config="true" duration-ms="307" started-at="2020-06-03T06:13:35Z" finished-at="2020-06-03T06:13:36Z">
          <reporter-output>
          </reporter-output>
        </test-method> <!-- setUp -->
        <test-method status="PASS" signature="feature(cucumber.api.testng.CucumberFeatureWrapper)[pri:0, instance:MyRunner.TestRunner@6e06451e]" name="feature" duration-ms="56356" started-at="2020-06-03T06:13:36Z" description="Runs Cucumber feature" data-provider="features" finished-at="2020-06-03T06:14:32Z">
          <params>
            <param index="0">
              <value>
                <![CDATA[nopcommerce login feature]]>
              </value>
            </param>
          </params>
          <reporter-output>
          </reporter-output>
        </test-method> <!-- feature -->
        <test-method status="PASS" signature="tearDown()[pri:0, instance:MyRunner.TestRunner@6e06451e]" name="tearDown" is-config="true" duration-ms="32" started-at="2020-06-03T06:14:32Z" finished-at="2020-06-03T06:14:32Z">
          <reporter-output>
          </reporter-output>
        </test-method> <!-- tearDown -->
      </class> <!-- MyRunner.TestRunner -->
    </test> <!-- Test -->
  </suite> <!-- Suite -->
</testng-results>
